     Filename  Black_Hair  Eyeglasses  Heavy_Makeup  Male  Mustache  Pale_Skin  Smiling  Wavy_Hair  Wearing_Hat  Young
0  000001.jpg           0           0             1     0         0          0        1          0            0      1
1  000002.jpg           0           0             0     0         0          0        1          0            0      1
2  000003.jpg           0           0             0     1         0          0        0          1            0      1
3  000004.jpg           0           0             0     0         0          0        0          0            0      1
4  000005.jpg           0           0             1     0         0          0        0          0            0      1
Num_TrainSample: 1600, Num_ValSample: 200, Num_TestSample: 200
Cuda is avilable, Running on Cuda
✅ Epoch [1/50]
Training: 100%|█████████████████████████████████████████████████████████████████████████████████████████████████████████████████████████████████████████████████████████████████████| 50/50 [00:16<00:00,  3.03it/s] 
Train Loss: 0.4714, Train Acc: 0.7634
Evaluating: 100%|█████████████████████████████████████████████████████████████████████████████████████████████████████████████████████████████████████████████████████████████████████| 7/7 [00:13<00:00,  1.92s/it] 
Val Loss  : 0.4740, Val Acc  : 0.7690
✅ Epoch [2/50]
Training: 100%|█████████████████████████████████████████████████████████████████████████████████████████████████████████████████████████████████████████████████████████████████████| 50/50 [00:15<00:00,  3.23it/s] 
Train Loss: 0.4285, Train Acc: 0.7943
Evaluating: 100%|█████████████████████████████████████████████████████████████████████████████████████████████████████████████████████████████████████████████████████████████████████| 7/7 [00:13<00:00,  1.86s/it] 
Val Loss  : 0.4852, Val Acc  : 0.7965
✅ Epoch [3/50]
Training: 100%|█████████████████████████████████████████████████████████████████████████████████████████████████████████████████████████████████████████████████████████████████████| 50/50 [00:15<00:00,  3.22it/s] 
Train Loss: 0.4100, Train Acc: 0.8088
Evaluating: 100%|█████████████████████████████████████████████████████████████████████████████████████████████████████████████████████████████████████████████████████████████████████| 7/7 [00:13<00:00,  1.86s/it] 
Val Loss  : 0.4418, Val Acc  : 0.8145
✅ Epoch [4/50]
Training: 100%|█████████████████████████████████████████████████████████████████████████████████████████████████████████████████████████████████████████████████████████████████████| 50/50 [00:15<00:00,  3.21it/s] 
Train Loss: 0.3919, Train Acc: 0.8164
Evaluating: 100%|█████████████████████████████████████████████████████████████████████████████████████████████████████████████████████████████████████████████████████████████████████| 7/7 [00:12<00:00,  1.84s/it] 
Val Loss  : 0.4028, Val Acc  : 0.8170
✅ Epoch [5/50]
Training: 100%|█████████████████████████████████████████████████████████████████████████████████████████████████████████████████████████████████████████████████████████████████████| 50/50 [00:15<00:00,  3.23it/s] 
Train Loss: 0.3825, Train Acc: 0.8180
Evaluating: 100%|█████████████████████████████████████████████████████████████████████████████████████████████████████████████████████████████████████████████████████████████████████| 7/7 [00:12<00:00,  1.84s/it] 
Val Loss  : 0.3993, Val Acc  : 0.8255
✅ Epoch [6/50]
Training: 100%|█████████████████████████████████████████████████████████████████████████████████████████████████████████████████████████████████████████████████████████████████████| 50/50 [00:15<00:00,  3.22it/s] 
Train Loss: 0.3729, Train Acc: 0.8253
Evaluating: 100%|█████████████████████████████████████████████████████████████████████████████████████████████████████████████████████████████████████████████████████████████████████| 7/7 [00:12<00:00,  1.84s/it] 
Val Loss  : 0.3892, Val Acc  : 0.8115
✅ Epoch [7/50]
Training: 100%|█████████████████████████████████████████████████████████████████████████████████████████████████████████████████████████████████████████████████████████████████████| 50/50 [00:15<00:00,  3.22it/s] 
Train Loss: 0.3647, Train Acc: 0.8278
Evaluating: 100%|█████████████████████████████████████████████████████████████████████████████████████████████████████████████████████████████████████████████████████████████████████| 7/7 [00:13<00:00,  1.87s/it] 
Val Loss  : 0.3595, Val Acc  : 0.8245
✅ Epoch [8/50]
Training: 100%|█████████████████████████████████████████████████████████████████████████████████████████████████████████████████████████████████████████████████████████████████████| 50/50 [00:15<00:00,  3.22it/s] 
Train Loss: 0.3411, Train Acc: 0.8379
Evaluating: 100%|█████████████████████████████████████████████████████████████████████████████████████████████████████████████████████████████████████████████████████████████████████| 7/7 [00:12<00:00,  1.84s/it] 
Val Loss  : 0.3843, Val Acc  : 0.8135
✅ Epoch [9/50]
Training: 100%|█████████████████████████████████████████████████████████████████████████████████████████████████████████████████████████████████████████████████████████████████████| 50/50 [00:15<00:00,  3.22it/s] 
Train Loss: 0.3357, Train Acc: 0.8416
Evaluating: 100%|█████████████████████████████████████████████████████████████████████████████████████████████████████████████████████████████████████████████████████████████████████| 7/7 [00:13<00:00,  1.87s/it] 
Val Loss  : 0.3639, Val Acc  : 0.8380
✅ Epoch [10/50]
Training: 100%|█████████████████████████████████████████████████████████████████████████████████████████████████████████████████████████████████████████████████████████████████████| 50/50 [00:15<00:00,  3.21it/s] 
Train Loss: 0.3216, Train Acc: 0.8529
Evaluating: 100%|█████████████████████████████████████████████████████████████████████████████████████████████████████████████████████████████████████████████████████████████████████| 7/7 [00:11<00:00,  1.69s/it] 
Val Loss  : 0.3314, Val Acc  : 0.8535
✅ Epoch [11/50]
Training: 100%|█████████████████████████████████████████████████████████████████████████████████████████████████████████████████████████████████████████████████████████████████████| 50/50 [00:13<00:00,  3.70it/s] 
Train Loss: 0.3116, Train Acc: 0.8601
Evaluating: 100%|█████████████████████████████████████████████████████████████████████████████████████████████████████████████████████████████████████████████████████████████████████| 7/7 [00:12<00:00,  1.72s/it] 
Val Loss  : 0.3279, Val Acc  : 0.8540
✅ Epoch [12/50]
Training: 100%|█████████████████████████████████████████████████████████████████████████████████████████████████████████████████████████████████████████████████████████████████████| 50/50 [00:13<00:00,  3.69it/s] 
Train Loss: 0.3052, Train Acc: 0.8658
Evaluating: 100%|█████████████████████████████████████████████████████████████████████████████████████████████████████████████████████████████████████████████████████████████████████| 7/7 [00:10<00:00,  1.55s/it] 
Val Loss  : 0.3424, Val Acc  : 0.8480
✅ Epoch [13/50]
Training: 100%|█████████████████████████████████████████████████████████████████████████████████████████████████████████████████████████████████████████████████████████████████████| 50/50 [00:13<00:00,  3.70it/s] 
Train Loss: 0.2817, Train Acc: 0.8779
Evaluating: 100%|█████████████████████████████████████████████████████████████████████████████████████████████████████████████████████████████████████████████████████████████████████| 7/7 [00:10<00:00,  1.55s/it] 
Val Loss  : 0.2968, Val Acc  : 0.8710
✅ Epoch [14/50]
Training: 100%|█████████████████████████████████████████████████████████████████████████████████████████████████████████████████████████████████████████████████████████████████████| 50/50 [00:13<00:00,  3.74it/s] 
Train Loss: 0.2821, Train Acc: 0.8774
Evaluating: 100%|█████████████████████████████████████████████████████████████████████████████████████████████████████████████████████████████████████████████████████████████████████| 7/7 [00:10<00:00,  1.55s/it] 
Val Loss  : 0.2932, Val Acc  : 0.8830
✅ Epoch [15/50]
Training: 100%|█████████████████████████████████████████████████████████████████████████████████████████████████████████████████████████████████████████████████████████████████████| 50/50 [00:13<00:00,  3.75it/s] 
Train Loss: 0.2752, Train Acc: 0.8818
Evaluating: 100%|█████████████████████████████████████████████████████████████████████████████████████████████████████████████████████████████████████████████████████████████████████| 7/7 [00:10<00:00,  1.55s/it] 
Val Loss  : 0.3229, Val Acc  : 0.8590
✅ Epoch [16/50]
Training: 100%|█████████████████████████████████████████████████████████████████████████████████████████████████████████████████████████████████████████████████████████████████████| 50/50 [00:13<00:00,  3.71it/s] 
Train Loss: 0.2634, Train Acc: 0.8877
Evaluating: 100%|█████████████████████████████████████████████████████████████████████████████████████████████████████████████████████████████████████████████████████████████████████| 7/7 [00:10<00:00,  1.53s/it] 
Val Loss  : 0.2901, Val Acc  : 0.8790
✅ Epoch [17/50]
Training: 100%|█████████████████████████████████████████████████████████████████████████████████████████████████████████████████████████████████████████████████████████████████████| 50/50 [00:13<00:00,  3.74it/s] 
Train Loss: 0.2615, Train Acc: 0.8891
Evaluating: 100%|█████████████████████████████████████████████████████████████████████████████████████████████████████████████████████████████████████████████████████████████████████| 7/7 [00:10<00:00,  1.52s/it] 
Val Loss  : 0.2692, Val Acc  : 0.8760
✅ Epoch [18/50]
Training: 100%|█████████████████████████████████████████████████████████████████████████████████████████████████████████████████████████████████████████████████████████████████████| 50/50 [00:13<00:00,  3.74it/s] 
Train Loss: 0.2477, Train Acc: 0.8937
Evaluating: 100%|█████████████████████████████████████████████████████████████████████████████████████████████████████████████████████████████████████████████████████████████████████| 7/7 [00:10<00:00,  1.52s/it] 
Val Loss  : 0.2828, Val Acc  : 0.8820
✅ Epoch [19/50]
Training: 100%|█████████████████████████████████████████████████████████████████████████████████████████████████████████████████████████████████████████████████████████████████████| 50/50 [00:13<00:00,  3.75it/s] 
Train Loss: 0.2451, Train Acc: 0.8968
Evaluating: 100%|█████████████████████████████████████████████████████████████████████████████████████████████████████████████████████████████████████████████████████████████████████| 7/7 [00:10<00:00,  1.55s/it] 
Val Loss  : 0.2781, Val Acc  : 0.8870
✅ Epoch [20/50]
Training: 100%|█████████████████████████████████████████████████████████████████████████████████████████████████████████████████████████████████████████████████████████████████████| 50/50 [00:13<00:00,  3.73it/s] 
Train Loss: 0.2417, Train Acc: 0.8968
Evaluating: 100%|█████████████████████████████████████████████████████████████████████████████████████████████████████████████████████████████████████████████████████████████████████| 7/7 [00:10<00:00,  1.54s/it] 
Val Loss  : 0.2669, Val Acc  : 0.8905
✅ Epoch [21/50]
Training: 100%|█████████████████████████████████████████████████████████████████████████████████████████████████████████████████████████████████████████████████████████████████████| 50/50 [00:13<00:00,  3.75it/s] 
Train Loss: 0.2310, Train Acc: 0.8998
Evaluating: 100%|█████████████████████████████████████████████████████████████████████████████████████████████████████████████████████████████████████████████████████████████████████| 7/7 [00:10<00:00,  1.55s/it] 
Val Loss  : 0.2820, Val Acc  : 0.8790
✅ Epoch [22/50]
Training: 100%|█████████████████████████████████████████████████████████████████████████████████████████████████████████████████████████████████████████████████████████████████████| 50/50 [00:13<00:00,  3.80it/s] 
Train Loss: 0.2340, Train Acc: 0.9034
Evaluating: 100%|█████████████████████████████████████████████████████████████████████████████████████████████████████████████████████████████████████████████████████████████████████| 7/7 [00:10<00:00,  1.52s/it] 
Val Loss  : 0.2769, Val Acc  : 0.8795
✅ Epoch [23/50]
Training: 100%|█████████████████████████████████████████████████████████████████████████████████████████████████████████████████████████████████████████████████████████████████████| 50/50 [00:13<00:00,  3.76it/s] 
Train Loss: 0.2241, Train Acc: 0.9062
Evaluating: 100%|█████████████████████████████████████████████████████████████████████████████████████████████████████████████████████████████████████████████████████████████████████| 7/7 [00:10<00:00,  1.55s/it] 
Val Loss  : 0.2572, Val Acc  : 0.8900
✅ Epoch [24/50]
Training: 100%|█████████████████████████████████████████████████████████████████████████████████████████████████████████████████████████████████████████████████████████████████████| 50/50 [00:13<00:00,  3.73it/s] 
Train Loss: 0.2280, Train Acc: 0.9042
Evaluating: 100%|█████████████████████████████████████████████████████████████████████████████████████████████████████████████████████████████████████████████████████████████████████| 7/7 [00:10<00:00,  1.54s/it] 
Val Loss  : 0.3191, Val Acc  : 0.8770
✅ Epoch [25/50]
Training: 100%|█████████████████████████████████████████████████████████████████████████████████████████████████████████████████████████████████████████████████████████████████████| 50/50 [00:13<00:00,  3.78it/s] 
Train Loss: 0.2237, Train Acc: 0.9071
Evaluating: 100%|█████████████████████████████████████████████████████████████████████████████████████████████████████████████████████████████████████████████████████████████████████| 7/7 [00:10<00:00,  1.54s/it] 
Val Loss  : 0.2801, Val Acc  : 0.8870
✅ Epoch [26/50]
Training: 100%|█████████████████████████████████████████████████████████████████████████████████████████████████████████████████████████████████████████████████████████████████████| 50/50 [00:13<00:00,  3.70it/s] 
Train Loss: 0.2176, Train Acc: 0.9101
Evaluating: 100%|█████████████████████████████████████████████████████████████████████████████████████████████████████████████████████████████████████████████████████████████████████| 7/7 [00:10<00:00,  1.52s/it] 
Val Loss  : 0.3045, Val Acc  : 0.8720
✅ Epoch [27/50]
Training: 100%|█████████████████████████████████████████████████████████████████████████████████████████████████████████████████████████████████████████████████████████████████████| 50/50 [00:13<00:00,  3.80it/s] 
Train Loss: 0.2168, Train Acc: 0.9087
Evaluating: 100%|█████████████████████████████████████████████████████████████████████████████████████████████████████████████████████████████████████████████████████████████████████| 7/7 [00:10<00:00,  1.52s/it] 
Val Loss  : 0.2763, Val Acc  : 0.8920
✅ Epoch [28/50]
Training: 100%|█████████████████████████████████████████████████████████████████████████████████████████████████████████████████████████████████████████████████████████████████████| 50/50 [00:13<00:00,  3.75it/s] 
Train Loss: 0.2148, Train Acc: 0.9104
Evaluating: 100%|█████████████████████████████████████████████████████████████████████████████████████████████████████████████████████████████████████████████████████████████████████| 7/7 [00:10<00:00,  1.52s/it] 
Val Loss  : 0.3096, Val Acc  : 0.8795
✅ Epoch [29/50]
Training: 100%|█████████████████████████████████████████████████████████████████████████████████████████████████████████████████████████████████████████████████████████████████████| 50/50 [00:13<00:00,  3.75it/s] 
Train Loss: 0.2067, Train Acc: 0.9139
Evaluating: 100%|█████████████████████████████████████████████████████████████████████████████████████████████████████████████████████████████████████████████████████████████████████| 7/7 [00:10<00:00,  1.52s/it] 
Val Loss  : 0.2722, Val Acc  : 0.9020
✅ Epoch [30/50]
Training: 100%|█████████████████████████████████████████████████████████████████████████████████████████████████████████████████████████████████████████████████████████████████████| 50/50 [00:13<00:00,  3.79it/s] 
Train Loss: 0.2048, Train Acc: 0.9145
Evaluating: 100%|█████████████████████████████████████████████████████████████████████████████████████████████████████████████████████████████████████████████████████████████████████| 7/7 [00:10<00:00,  1.52s/it] 
Val Loss  : 0.2589, Val Acc  : 0.8965
✅ Epoch [31/50]
Training: 100%|█████████████████████████████████████████████████████████████████████████████████████████████████████████████████████████████████████████████████████████████████████| 50/50 [00:13<00:00,  3.74it/s] 
Train Loss: 0.1995, Train Acc: 0.9182
Evaluating: 100%|█████████████████████████████████████████████████████████████████████████████████████████████████████████████████████████████████████████████████████████████████████| 7/7 [00:10<00:00,  1.55s/it] 
Val Loss  : 0.2884, Val Acc  : 0.8960
✅ Epoch [32/50]
Training: 100%|█████████████████████████████████████████████████████████████████████████████████████████████████████████████████████████████████████████████████████████████████████| 50/50 [00:13<00:00,  3.74it/s] 
Train Loss: 0.2003, Train Acc: 0.9165
Evaluating: 100%|█████████████████████████████████████████████████████████████████████████████████████████████████████████████████████████████████████████████████████████████████████| 7/7 [00:10<00:00,  1.55s/it] 
Val Loss  : 0.2749, Val Acc  : 0.8920
✅ Epoch [33/50]
Training: 100%|█████████████████████████████████████████████████████████████████████████████████████████████████████████████████████████████████████████████████████████████████████| 50/50 [00:13<00:00,  3.74it/s] 
Train Loss: 0.1947, Train Acc: 0.9187
Evaluating: 100%|█████████████████████████████████████████████████████████████████████████████████████████████████████████████████████████████████████████████████████████████████████| 7/7 [00:10<00:00,  1.52s/it] 
Val Loss  : 0.2809, Val Acc  : 0.8850
✅ Epoch [34/50]
Training: 100%|█████████████████████████████████████████████████████████████████████████████████████████████████████████████████████████████████████████████████████████████████████| 50/50 [00:13<00:00,  3.76it/s] 
Train Loss: 0.1928, Train Acc: 0.9201
Evaluating: 100%|█████████████████████████████████████████████████████████████████████████████████████████████████████████████████████████████████████████████████████████████████████| 7/7 [00:10<00:00,  1.55s/it] 
Val Loss  : 0.2972, Val Acc  : 0.8840
✅ Epoch [35/50]
Training: 100%|█████████████████████████████████████████████████████████████████████████████████████████████████████████████████████████████████████████████████████████████████████| 50/50 [00:13<00:00,  3.74it/s] 
Train Loss: 0.1911, Train Acc: 0.9209
Evaluating: 100%|█████████████████████████████████████████████████████████████████████████████████████████████████████████████████████████████████████████████████████████████████████| 7/7 [00:10<00:00,  1.52s/it] 
Val Loss  : 0.2910, Val Acc  : 0.8845
✅ Epoch [36/50]
Training: 100%|█████████████████████████████████████████████████████████████████████████████████████████████████████████████████████████████████████████████████████████████████████| 50/50 [00:13<00:00,  3.79it/s] 
Train Loss: 0.1909, Train Acc: 0.9215
Evaluating: 100%|█████████████████████████████████████████████████████████████████████████████████████████████████████████████████████████████████████████████████████████████████████| 7/7 [00:10<00:00,  1.51s/it] 
Val Loss  : 0.2703, Val Acc  : 0.8940
✅ Epoch [37/50]
Training: 100%|█████████████████████████████████████████████████████████████████████████████████████████████████████████████████████████████████████████████████████████████████████| 50/50 [00:13<00:00,  3.80it/s] 
Train Loss: 0.1810, Train Acc: 0.9275
Evaluating: 100%|█████████████████████████████████████████████████████████████████████████████████████████████████████████████████████████████████████████████████████████████████████| 7/7 [00:10<00:00,  1.52s/it] 
Val Loss  : 0.3247, Val Acc  : 0.8730
✅ Epoch [38/50]
Training: 100%|█████████████████████████████████████████████████████████████████████████████████████████████████████████████████████████████████████████████████████████████████████| 50/50 [00:13<00:00,  3.79it/s] 
Train Loss: 0.1934, Train Acc: 0.9206
Evaluating: 100%|█████████████████████████████████████████████████████████████████████████████████████████████████████████████████████████████████████████████████████████████████████| 7/7 [00:10<00:00,  1.52s/it] 
Val Loss  : 0.2793, Val Acc  : 0.8900
✅ Epoch [39/50]
Training: 100%|█████████████████████████████████████████████████████████████████████████████████████████████████████████████████████████████████████████████████████████████████████| 50/50 [00:13<00:00,  3.72it/s] 
Train Loss: 0.1764, Train Acc: 0.9273
Evaluating: 100%|█████████████████████████████████████████████████████████████████████████████████████████████████████████████████████████████████████████████████████████████████████| 7/7 [00:10<00:00,  1.53s/it] 
Val Loss  : 0.2967, Val Acc  : 0.8805
✅ Epoch [40/50]
Training: 100%|█████████████████████████████████████████████████████████████████████████████████████████████████████████████████████████████████████████████████████████████████████| 50/50 [00:13<00:00,  3.70it/s] 
Train Loss: 0.1726, Train Acc: 0.9289
Evaluating: 100%|█████████████████████████████████████████████████████████████████████████████████████████████████████████████████████████████████████████████████████████████████████| 7/7 [00:10<00:00,  1.54s/it] 
Val Loss  : 0.2600, Val Acc  : 0.9045
✅ Epoch [41/50]
Training: 100%|█████████████████████████████████████████████████████████████████████████████████████████████████████████████████████████████████████████████████████████████████████| 50/50 [00:13<00:00,  3.62it/s] 
Train Loss: 0.1797, Train Acc: 0.9234
Evaluating: 100%|█████████████████████████████████████████████████████████████████████████████████████████████████████████████████████████████████████████████████████████████████████| 7/7 [00:11<00:00,  1.57s/it] 
Val Loss  : 0.2856, Val Acc  : 0.8880
✅ Epoch [42/50]
Training: 100%|█████████████████████████████████████████████████████████████████████████████████████████████████████████████████████████████████████████████████████████████████████| 50/50 [00:13<00:00,  3.64it/s] 
Train Loss: 0.1713, Train Acc: 0.9307
Evaluating: 100%|█████████████████████████████████████████████████████████████████████████████████████████████████████████████████████████████████████████████████████████████████████| 7/7 [00:11<00:00,  1.57s/it] 
Val Loss  : 0.2870, Val Acc  : 0.8845
✅ Epoch [43/50]
Training: 100%|█████████████████████████████████████████████████████████████████████████████████████████████████████████████████████████████████████████████████████████████████████| 50/50 [00:13<00:00,  3.64it/s] 
Train Loss: 0.1727, Train Acc: 0.9284
Evaluating: 100%|█████████████████████████████████████████████████████████████████████████████████████████████████████████████████████████████████████████████████████████████████████| 7/7 [00:11<00:00,  1.60s/it] 
Val Loss  : 0.2920, Val Acc  : 0.8865
✅ Epoch [44/50]
Training: 100%|█████████████████████████████████████████████████████████████████████████████████████████████████████████████████████████████████████████████████████████████████████| 50/50 [00:13<00:00,  3.71it/s] 
Train Loss: 0.1652, Train Acc: 0.9339
Evaluating: 100%|█████████████████████████████████████████████████████████████████████████████████████████████████████████████████████████████████████████████████████████████████████| 7/7 [00:11<00:00,  1.59s/it] 
Val Loss  : 0.3020, Val Acc  : 0.8860
✅ Epoch [45/50]
Training: 100%|█████████████████████████████████████████████████████████████████████████████████████████████████████████████████████████████████████████████████████████████████████| 50/50 [00:13<00:00,  3.67it/s] 
Train Loss: 0.1688, Train Acc: 0.9317
Evaluating: 100%|█████████████████████████████████████████████████████████████████████████████████████████████████████████████████████████████████████████████████████████████████████| 7/7 [00:11<00:00,  1.59s/it] 
Val Loss  : 0.2851, Val Acc  : 0.8910
✅ Epoch [46/50]
Training: 100%|█████████████████████████████████████████████████████████████████████████████████████████████████████████████████████████████████████████████████████████████████████| 50/50 [00:13<00:00,  3.67it/s] 
Train Loss: 0.1623, Train Acc: 0.9355
Evaluating: 100%|█████████████████████████████████████████████████████████████████████████████████████████████████████████████████████████████████████████████████████████████████████| 7/7 [00:11<00:00,  1.57s/it] 
Val Loss  : 0.2845, Val Acc  : 0.8950
✅ Epoch [47/50]
Training: 100%|█████████████████████████████████████████████████████████████████████████████████████████████████████████████████████████████████████████████████████████████████████| 50/50 [00:13<00:00,  3.66it/s] 
Train Loss: 0.1634, Train Acc: 0.9322
Evaluating: 100%|█████████████████████████████████████████████████████████████████████████████████████████████████████████████████████████████████████████████████████████████████████| 7/7 [00:10<00:00,  1.53s/it] 
Val Loss  : 0.2917, Val Acc  : 0.8875
✅ Epoch [48/50]
Training: 100%|█████████████████████████████████████████████████████████████████████████████████████████████████████████████████████████████████████████████████████████████████████| 50/50 [00:13<00:00,  3.66it/s] 
Train Loss: 0.1554, Train Acc: 0.9353
Evaluating: 100%|█████████████████████████████████████████████████████████████████████████████████████████████████████████████████████████████████████████████████████████████████████| 7/7 [00:10<00:00,  1.55s/it] 
Val Loss  : 0.3266, Val Acc  : 0.8890
✅ Epoch [49/50]
Training: 100%|█████████████████████████████████████████████████████████████████████████████████████████████████████████████████████████████████████████████████████████████████████| 50/50 [00:13<00:00,  3.73it/s] 
Train Loss: 0.1527, Train Acc: 0.9367
Evaluating: 100%|█████████████████████████████████████████████████████████████████████████████████████████████████████████████████████████████████████████████████████████████████████| 7/7 [00:10<00:00,  1.55s/it] 
Val Loss  : 0.2850, Val Acc  : 0.8985
✅ Epoch [50/50]
Training: 100%|█████████████████████████████████████████████████████████████████████████████████████████████████████████████████████████████████████████████████████████████████████| 50/50 [00:13<00:00,  3.68it/s] 
Train Loss: 0.1491, Train Acc: 0.9384
Evaluating: 100%|█████████████████████████████████████████████████████████████████████████████████████████████████████████████████████████████████████████████████████████████████████| 7/7 [00:10<00:00,  1.57s/it] 
Val Loss  : 0.3175, Val Acc  : 0.8815