MobileNet-3000-lr-damp
Epoch 1, Train Loss: 0.4633, Train Acc: 0.7718, Val Loss: 0.4571, Val Acc: 0.7803, lr: 0.001 
Epoch 2, Train Loss: 0.4177, Train Acc: 0.8066, Val Loss: 0.4160, Val Acc: 0.8073, lr: 0.001 
Epoch 3, Train Loss: 0.4049, Train Acc: 0.8115, Val Loss: 0.3968, Val Acc: 0.8170, lr: 0.001 
Epoch 4, Train Loss: 0.3896, Train Acc: 0.8202, Val Loss: 0.3934, Val Acc: 0.8157, lr: 0.001 
Epoch 5, Train Loss: 0.3692, Train Acc: 0.8307, Val Loss: 0.3811, Val Acc: 0.8200, lr: 0.001 (saved)
Epoch 6, Train Loss: 0.3513, Train Acc: 0.8397, Val Loss: 0.4004, Val Acc: 0.8080, lr: 0.001 
Epoch 7, Train Loss: 0.3361, Train Acc: 0.8468, Val Loss: 0.3493, Val Acc: 0.8397, lr: 0.001 
Epoch 8, Train Loss: 0.3125, Train Acc: 0.8604, Val Loss: 0.3269, Val Acc: 0.8567, lr: 0.001 
Epoch 9, Train Loss: 0.2979, Train Acc: 0.8687, Val Loss: 0.3169, Val Acc: 0.8597, lr: 0.001 
Epoch 10, Train Loss: 0.2864, Train Acc: 0.8761, Val Loss: 0.3003, Val Acc: 0.8733, lr: 0.001 (saved)
Epoch 11, Train Loss: 0.2749, Train Acc: 0.8788, Val Loss: 0.2833, Val Acc: 0.8763, lr: 0.001 
Epoch 12, Train Loss: 0.2660, Train Acc: 0.8855, Val Loss: 0.2861, Val Acc: 0.8807, lr: 0.001 
Epoch 13, Train Loss: 0.2618, Train Acc: 0.8894, Val Loss: 0.2983, Val Acc: 0.8740, lr: 0.001 
Epoch 14, Train Loss: 0.2508, Train Acc: 0.8944, Val Loss: 0.2775, Val Acc: 0.8870, lr: 0.001 
Epoch 15, Train Loss: 0.2492, Train Acc: 0.8939, Val Loss: 0.2721, Val Acc: 0.8927, lr: 0.001 (saved)
Epoch 16, Train Loss: 0.2354, Train Acc: 0.9009, Val Loss: 0.2880, Val Acc: 0.8873, lr: 0.001 
Epoch 17, Train Loss: 0.2374, Train Acc: 0.9011, Val Loss: 0.2661, Val Acc: 0.8940, lr: 0.001 
Epoch 18, Train Loss: 0.2333, Train Acc: 0.9010, Val Loss: 0.2642, Val Acc: 0.8887, lr: 0.001 
Epoch 19, Train Loss: 0.2285, Train Acc: 0.9044, Val Loss: 0.2750, Val Acc: 0.8833, lr: 0.001 
Epoch 20, Train Loss: 0.2245, Train Acc: 0.9076, Val Loss: 0.2685, Val Acc: 0.8853, lr: 0.001 (saved)
Epoch 21, Train Loss: 0.2217, Train Acc: 0.9057, Val Loss: 0.2543, Val Acc: 0.8947, lr: 0.001 
Epoch 22, Train Loss: 0.2178, Train Acc: 0.9077, Val Loss: 0.2836, Val Acc: 0.8830, lr: 0.001 
Epoch 23, Train Loss: 0.2092, Train Acc: 0.9121, Val Loss: 0.2637, Val Acc: 0.9007, lr: 0.001 
Epoch 24, Train Loss: 0.2089, Train Acc: 0.9127, Val Loss: 0.2596, Val Acc: 0.8887, lr: 0.0005 
Epoch 25, Train Loss: 0.1932, Train Acc: 0.9209, Val Loss: 0.2533, Val Acc: 0.8993, lr: 0.0005 (saved)
Epoch 26, Train Loss: 0.1835, Train Acc: 0.9223, Val Loss: 0.2819, Val Acc: 0.8940, lr: 0.0005 
Epoch 27, Train Loss: 0.1788, Train Acc: 0.9243, Val Loss: 0.2469, Val Acc: 0.9047, lr: 0.0005 
Epoch 28, Train Loss: 0.1762, Train Acc: 0.9268, Val Loss: 0.2520, Val Acc: 0.8997, lr: 0.0005 
Epoch 29, Train Loss: 0.1665, Train Acc: 0.9303, Val Loss: 0.2776, Val Acc: 0.8940, lr: 0.0005 
Epoch 30, Train Loss: 0.1663, Train Acc: 0.9310, Val Loss: 0.2609, Val Acc: 0.8970, lr: 0.00025 (saved)
Epoch 31, Train Loss: 0.1543, Train Acc: 0.9355, Val Loss: 0.2611, Val Acc: 0.8980, lr: 0.00025 
Epoch 32, Train Loss: 0.1452, Train Acc: 0.9392, Val Loss: 0.2594, Val Acc: 0.9000, lr: 0.00025 
Epoch 33, Train Loss: 0.1383, Train Acc: 0.9432, Val Loss: 0.2773, Val Acc: 0.9007, lr: 0.000125 
Epoch 34, Train Loss: 0.1309, Train Acc: 0.9462, Val Loss: 0.2694, Val Acc: 0.9060, lr: 0.000125 
Epoch 35, Train Loss: 0.1258, Train Acc: 0.9495, Val Loss: 0.2643, Val Acc: 0.9003, lr: 0.000125 (saved)
Epoch 36, Train Loss: 0.1197, Train Acc: 0.9497, Val Loss: 0.2790, Val Acc: 0.9047, lr: 6.25e-05 
Epoch 37, Train Loss: 0.1199, Train Acc: 0.9500, Val Loss: 0.2862, Val Acc: 0.9003, lr: 6.25e-05 
Epoch 38, Train Loss: 0.1152, Train Acc: 0.9528, Val Loss: 0.2870, Val Acc: 0.8967, lr: 6.25e-05 
Epoch 39, Train Loss: 0.1152, Train Acc: 0.9545, Val Loss: 0.2714, Val Acc: 0.8993, lr: 3.125e-05 
Epoch 40, Train Loss: 0.1097, Train Acc: 0.9545, Val Loss: 0.2818, Val Acc: 0.9017, lr: 3.125e-05 (saved)
Epoch 41, Train Loss: 0.1100, Train Acc: 0.9560, Val Loss: 0.2851, Val Acc: 0.9013, lr: 3.125e-05 
Epoch 42, Train Loss: 0.1068, Train Acc: 0.9563, Val Loss: 0.2883, Val Acc: 0.9017, lr: 1.5625e-05 
Epoch 43, Train Loss: 0.1049, Train Acc: 0.9569, Val Loss: 0.2849, Val Acc: 0.9000, lr: 1.5625e-05 
Epoch 44, Train Loss: 0.1052, Train Acc: 0.9566, Val Loss: 0.2709, Val Acc: 0.9023, lr: 1.5625e-05 
Epoch 45, Train Loss: 0.1066, Train Acc: 0.9563, Val Loss: 0.2897, Val Acc: 0.8963, lr: 7.8125e-06 (saved)
Epoch 46, Train Loss: 0.1080, Train Acc: 0.9557, Val Loss: 0.2934, Val Acc: 0.8980, lr: 7.8125e-06 
Epoch 47, Train Loss: 0.1036, Train Acc: 0.9575, Val Loss: 0.2762, Val Acc: 0.9000, lr: 7.8125e-06 
Epoch 48, Train Loss: 0.1009, Train Acc: 0.9579, Val Loss: 0.2844, Val Acc: 0.8990, lr: 3.90625e-06 
Epoch 49, Train Loss: 0.1043, Train Acc: 0.9573, Val Loss: 0.2819, Val Acc: 0.9000, lr: 3.90625e-06 
Epoch 50, Train Loss: 0.1052, Train Acc: 0.9574, Val Loss: 0.2856, Val Acc: 0.9053, lr: 3.90625e-06 (saved)

MobileNet-3000
Epoch 1, Train Loss: 0.4626, Train Acc: 0.7710, Val Loss: 0.5080, Val Acc: 0.7597, lr: 0.001 
Epoch 2, Train Loss: 0.4151, Train Acc: 0.8056, Val Loss: 0.4908, Val Acc: 0.7780, lr: 0.001 
Epoch 3, Train Loss: 0.4004, Train Acc: 0.8138, Val Loss: 0.4029, Val Acc: 0.8103, lr: 0.001 
Epoch 4, Train Loss: 0.3776, Train Acc: 0.8252, Val Loss: 0.4044, Val Acc: 0.8143, lr: 0.001 
Epoch 5, Train Loss: 0.3503, Train Acc: 0.8398, Val Loss: 0.3627, Val Acc: 0.8297, lr: 0.001 
Epoch 6, Train Loss: 0.3277, Train Acc: 0.8544, Val Loss: 0.3522, Val Acc: 0.8447, lr: 0.001 
Epoch 7, Train Loss: 0.3101, Train Acc: 0.8676, Val Loss: 0.3405, Val Acc: 0.8603, lr: 0.001 
Epoch 8, Train Loss: 0.2918, Train Acc: 0.8728, Val Loss: 0.2907, Val Acc: 0.8723, lr: 0.001 
Epoch 9, Train Loss: 0.2747, Train Acc: 0.8820, Val Loss: 0.2922, Val Acc: 0.8753, lr: 0.001 
Epoch 10, Train Loss: 0.2632, Train Acc: 0.8858, Val Loss: 0.2734, Val Acc: 0.8780, lr: 0.001 
Epoch 11, Train Loss: 0.2595, Train Acc: 0.8899, Val Loss: 0.2888, Val Acc: 0.8787, lr: 0.001 
Epoch 12, Train Loss: 0.2528, Train Acc: 0.8937, Val Loss: 0.2797, Val Acc: 0.8877, lr: 0.001 
Epoch 13, Train Loss: 0.2486, Train Acc: 0.8953, Val Loss: 0.2735, Val Acc: 0.8903, lr: 0.001 
Epoch 14, Train Loss: 0.2405, Train Acc: 0.8980, Val Loss: 0.2993, Val Acc: 0.8783, lr: 0.001 
Epoch 15, Train Loss: 0.2367, Train Acc: 0.9004, Val Loss: 0.2569, Val Acc: 0.8930, lr: 0.001 
Epoch 16, Train Loss: 0.2340, Train Acc: 0.9015, Val Loss: 0.2851, Val Acc: 0.8907, lr: 0.001 
Epoch 17, Train Loss: 0.2323, Train Acc: 0.9042, Val Loss: 0.2520, Val Acc: 0.8967, lr: 0.001 
Epoch 18, Train Loss: 0.2268, Train Acc: 0.9048, Val Loss: 0.2717, Val Acc: 0.8893, lr: 0.001 
Epoch 19, Train Loss: 0.2194, Train Acc: 0.9087, Val Loss: 0.2524, Val Acc: 0.8947, lr: 0.001 
Epoch 20, Train Loss: 0.2146, Train Acc: 0.9102, Val Loss: 0.2761, Val Acc: 0.8883, lr: 0.001 
Epoch 21, Train Loss: 0.2157, Train Acc: 0.9114, Val Loss: 0.2563, Val Acc: 0.9007, lr: 0.001 
Epoch 22, Train Loss: 0.2078, Train Acc: 0.9140, Val Loss: 0.2518, Val Acc: 0.9007, lr: 0.001 
Epoch 23, Train Loss: 0.2072, Train Acc: 0.9137, Val Loss: 0.2513, Val Acc: 0.8990, lr: 0.001 
Epoch 24, Train Loss: 0.2034, Train Acc: 0.9150, Val Loss: 0.2668, Val Acc: 0.8953, lr: 0.001 
Epoch 25, Train Loss: 0.2015, Train Acc: 0.9172, Val Loss: 0.2400, Val Acc: 0.9050, lr: 0.001 
Epoch 26, Train Loss: 0.1966, Train Acc: 0.9192, Val Loss: 0.2684, Val Acc: 0.8953, lr: 0.001 
Epoch 27, Train Loss: 0.1929, Train Acc: 0.9216, Val Loss: 0.2466, Val Acc: 0.9003, lr: 0.001 
Epoch 28, Train Loss: 0.1922, Train Acc: 0.9190, Val Loss: 0.2470, Val Acc: 0.8967, lr: 0.001 
Epoch 29, Train Loss: 0.1972, Train Acc: 0.9185, Val Loss: 0.2501, Val Acc: 0.8957, lr: 0.001 
Epoch 30, Train Loss: 0.1844, Train Acc: 0.9241, Val Loss: 0.2451, Val Acc: 0.8973, lr: 0.001 
Epoch 31, Train Loss: 0.1840, Train Acc: 0.9255, Val Loss: 0.2485, Val Acc: 0.8997, lr: 0.001 
Epoch 32, Train Loss: 0.1792, Train Acc: 0.9260, Val Loss: 0.2563, Val Acc: 0.8910, lr: 0.001 
Epoch 33, Train Loss: 0.1760, Train Acc: 0.9282, Val Loss: 0.2671, Val Acc: 0.9007, lr: 0.001 
Epoch 34, Train Loss: 0.1693, Train Acc: 0.9324, Val Loss: 0.2808, Val Acc: 0.8957, lr: 0.001 
Epoch 35, Train Loss: 0.1713, Train Acc: 0.9312, Val Loss: 0.2682, Val Acc: 0.8953, lr: 0.001 
Epoch 36, Train Loss: 0.1671, Train Acc: 0.9305, Val Loss: 0.3089, Val Acc: 0.8950, lr: 0.001 
Epoch 37, Train Loss: 0.1645, Train Acc: 0.9353, Val Loss: 0.2778, Val Acc: 0.8907, lr: 0.001 
Epoch 38, Train Loss: 0.1640, Train Acc: 0.9324, Val Loss: 0.2910, Val Acc: 0.8877, lr: 0.001 
Epoch 39, Train Loss: 0.1627, Train Acc: 0.9335, Val Loss: 0.2708, Val Acc: 0.8943, lr: 0.001 
Epoch 40, Train Loss: 0.1583, Train Acc: 0.9367, Val Loss: 0.2531, Val Acc: 0.8947, lr: 0.001 
Epoch 41, Train Loss: 0.1521, Train Acc: 0.9381, Val Loss: 0.2557, Val Acc: 0.8970, lr: 0.001 
Epoch 42, Train Loss: 0.1521, Train Acc: 0.9385, Val Loss: 0.2906, Val Acc: 0.8970, lr: 0.001 
Epoch 43, Train Loss: 0.1535, Train Acc: 0.9377, Val Loss: 0.2817, Val Acc: 0.8967, lr: 0.001 
Epoch 44, Train Loss: 0.1551, Train Acc: 0.9379, Val Loss: 0.2978, Val Acc: 0.8880, lr: 0.001 
Epoch 45, Train Loss: 0.1475, Train Acc: 0.9408, Val Loss: 0.2985, Val Acc: 0.8953, lr: 0.001 
Epoch 46, Train Loss: 0.1430, Train Acc: 0.9438, Val Loss: 0.2730, Val Acc: 0.9010, lr: 0.001 
Epoch 47, Train Loss: 0.1443, Train Acc: 0.9423, Val Loss: 0.2779, Val Acc: 0.8930, lr: 0.001 
Epoch 48, Train Loss: 0.1412, Train Acc: 0.9432, Val Loss: 0.2803, Val Acc: 0.8973, lr: 0.001 
Epoch 49, Train Loss: 0.1350, Train Acc: 0.9468, Val Loss: 0.3113, Val Acc: 0.8923, lr: 0.001 
Epoch 50, Train Loss: 0.1346, Train Acc: 0.9459, Val Loss: 0.2829, Val Acc: 0.8907, lr: 0.001 

MobileNet-2000
Epoch 1, Train Loss: 0.4714, Train Acc: 0.7634, Val Loss: 0.4740, Val Acc: 0.7690, lr: 0.001 
Epoch 2, Train Loss: 0.4285, Train Acc: 0.7943, Val Loss: 0.4852, Val Acc: 0.7965, lr: 0.001 
Epoch 3, Train Loss: 0.4100, Train Acc: 0.8088, Val Loss: 0.4418, Val Acc: 0.8145, lr: 0.001 
Epoch 4, Train Loss: 0.3919, Train Acc: 0.8164, Val Loss: 0.4028, Val Acc: 0.8170, lr: 0.001 
Epoch 5, Train Loss: 0.3825, Train Acc: 0.8180, Val Loss: 0.3993, Val Acc: 0.8255, lr: 0.001 
Epoch 6, Train Loss: 0.3729, Train Acc: 0.8253, Val Loss: 0.3892, Val Acc: 0.8115, lr: 0.001 
Epoch 7, Train Loss: 0.3647, Train Acc: 0.8278, Val Loss: 0.3595, Val Acc: 0.8245, lr: 0.001 
Epoch 8, Train Loss: 0.3411, Train Acc: 0.8379, Val Loss: 0.3843, Val Acc: 0.8135, lr: 0.001 
Epoch 9, Train Loss: 0.3357, Train Acc: 0.8416, Val Loss: 0.3639, Val Acc: 0.8380, lr: 0.001 
Epoch 10, Train Loss: 0.3216, Train Acc: 0.8529, Val Loss: 0.3314, Val Acc: 0.8535, lr: 0.001 
Epoch 11, Train Loss: 0.3116, Train Acc: 0.8601, Val Loss: 0.3279, Val Acc: 0.8540, lr: 0.001 
Epoch 12, Train Loss: 0.3052, Train Acc: 0.8658, Val Loss: 0.3424, Val Acc: 0.8480, lr: 0.001 
Epoch 13, Train Loss: 0.2817, Train Acc: 0.8779, Val Loss: 0.2968, Val Acc: 0.8710, lr: 0.001 
Epoch 14, Train Loss: 0.2821, Train Acc: 0.8774, Val Loss: 0.2932, Val Acc: 0.8830, lr: 0.001 
Epoch 15, Train Loss: 0.2752, Train Acc: 0.8818, Val Loss: 0.3229, Val Acc: 0.8590, lr: 0.001 
Epoch 16, Train Loss: 0.2634, Train Acc: 0.8877, Val Loss: 0.2901, Val Acc: 0.8790, lr: 0.001 
Epoch 17, Train Loss: 0.2615, Train Acc: 0.8891, Val Loss: 0.2692, Val Acc: 0.8760, lr: 0.001 
Epoch 18, Train Loss: 0.2477, Train Acc: 0.8937, Val Loss: 0.2828, Val Acc: 0.8820, lr: 0.001 
Epoch 19, Train Loss: 0.2451, Train Acc: 0.8968, Val Loss: 0.2781, Val Acc: 0.8870, lr: 0.001 
Epoch 20, Train Loss: 0.2417, Train Acc: 0.8968, Val Loss: 0.2669, Val Acc: 0.8905, lr: 0.001 
Epoch 21, Train Loss: 0.2310, Train Acc: 0.8998, Val Loss: 0.2820, Val Acc: 0.8790, lr: 0.001 
Epoch 22, Train Loss: 0.2340, Train Acc: 0.9034, Val Loss: 0.2769, Val Acc: 0.8795, lr: 0.001 
Epoch 23, Train Loss: 0.2241, Train Acc: 0.9062, Val Loss: 0.2572, Val Acc: 0.8900, lr: 0.001 
Epoch 24, Train Loss: 0.2280, Train Acc: 0.9042, Val Loss: 0.3191, Val Acc: 0.8770, lr: 0.001 
Epoch 25, Train Loss: 0.2237, Train Acc: 0.9071, Val Loss: 0.2801, Val Acc: 0.8870, lr: 0.001 
Epoch 26, Train Loss: 0.2176, Train Acc: 0.9101, Val Loss: 0.3045, Val Acc: 0.8720, lr: 0.001 
Epoch 27, Train Loss: 0.2168, Train Acc: 0.9087, Val Loss: 0.2763, Val Acc: 0.8920, lr: 0.001 
Epoch 28, Train Loss: 0.2148, Train Acc: 0.9104, Val Loss: 0.3096, Val Acc: 0.8795, lr: 0.001 
Epoch 29, Train Loss: 0.2067, Train Acc: 0.9139, Val Loss: 0.2722, Val Acc: 0.9020, lr: 0.001 
Epoch 30, Train Loss: 0.2048, Train Acc: 0.9145, Val Loss: 0.2589, Val Acc: 0.8965, lr: 0.001 
Epoch 31, Train Loss: 0.1995, Train Acc: 0.9182, Val Loss: 0.2884, Val Acc: 0.8960, lr: 0.001 
Epoch 32, Train Loss: 0.2003, Train Acc: 0.9165, Val Loss: 0.2749, Val Acc: 0.8920, lr: 0.001 
Epoch 33, Train Loss: 0.1947, Train Acc: 0.9187, Val Loss: 0.2809, Val Acc: 0.8850, lr: 0.001 
Epoch 34, Train Loss: 0.1928, Train Acc: 0.9201, Val Loss: 0.2972, Val Acc: 0.8840, lr: 0.001 
Epoch 35, Train Loss: 0.1911, Train Acc: 0.9209, Val Loss: 0.2910, Val Acc: 0.8845, lr: 0.001 
Epoch 36, Train Loss: 0.1909, Train Acc: 0.9215, Val Loss: 0.2703, Val Acc: 0.8940, lr: 0.001 
Epoch 37, Train Loss: 0.1810, Train Acc: 0.9275, Val Loss: 0.3247, Val Acc: 0.8730, lr: 0.001 
Epoch 38, Train Loss: 0.1934, Train Acc: 0.9206, Val Loss: 0.2793, Val Acc: 0.8900, lr: 0.001 
Epoch 39, Train Loss: 0.1764, Train Acc: 0.9273, Val Loss: 0.2967, Val Acc: 0.8805, lr: 0.001 
Epoch 40, Train Loss: 0.1726, Train Acc: 0.9289, Val Loss: 0.2600, Val Acc: 0.9045, lr: 0.001 
Epoch 41, Train Loss: 0.1797, Train Acc: 0.9234, Val Loss: 0.2856, Val Acc: 0.8880, lr: 0.001 
Epoch 42, Train Loss: 0.1713, Train Acc: 0.9307, Val Loss: 0.2870, Val Acc: 0.8845, lr: 0.001 
Epoch 43, Train Loss: 0.1727, Train Acc: 0.9284, Val Loss: 0.2920, Val Acc: 0.8865, lr: 0.001 
Epoch 44, Train Loss: 0.1652, Train Acc: 0.9339, Val Loss: 0.3020, Val Acc: 0.8860, lr: 0.001 
Epoch 45, Train Loss: 0.1688, Train Acc: 0.9317, Val Loss: 0.2851, Val Acc: 0.8910, lr: 0.001 
Epoch 46, Train Loss: 0.1623, Train Acc: 0.9355, Val Loss: 0.2845, Val Acc: 0.8950, lr: 0.001 
Epoch 47, Train Loss: 0.1634, Train Acc: 0.9322, Val Loss: 0.2917, Val Acc: 0.8875, lr: 0.001 
Epoch 48, Train Loss: 0.1554, Train Acc: 0.9353, Val Loss: 0.3266, Val Acc: 0.8890, lr: 0.001 
Epoch 49, Train Loss: 0.1527, Train Acc: 0.9367, Val Loss: 0.2850, Val Acc: 0.8985, lr: 0.001 
Epoch 50, Train Loss: 0.1491, Train Acc: 0.9384, Val Loss: 0.3175, Val Acc: 0.8815, lr: 0.001 

MobileNet-1000
Epoch 1, Train Loss: 0.4905, Train Acc: 0.7518, Val Loss: 0.4303, Val Acc: 0.7990, lr: 0.001 
Epoch 2, Train Loss: 0.4613, Train Acc: 0.7645, Val Loss: 0.4230, Val Acc: 0.7990, lr: 0.001 
Epoch 3, Train Loss: 0.4541, Train Acc: 0.7704, Val Loss: 0.4249, Val Acc: 0.7810, lr: 0.001 
Epoch 4, Train Loss: 0.4458, Train Acc: 0.7814, Val Loss: 0.4381, Val Acc: 0.7950, lr: 0.001 
Epoch 5, Train Loss: 0.4325, Train Acc: 0.7897, Val Loss: 0.4325, Val Acc: 0.8020, lr: 0.001 
Epoch 6, Train Loss: 0.4066, Train Acc: 0.8065, Val Loss: 0.4077, Val Acc: 0.8060, lr: 0.001 
Epoch 7, Train Loss: 0.3974, Train Acc: 0.8085, Val Loss: 0.4717, Val Acc: 0.7840, lr: 0.001 
Epoch 8, Train Loss: 0.3946, Train Acc: 0.8104, Val Loss: 0.3523, Val Acc: 0.8360, lr: 0.001 
Epoch 9, Train Loss: 0.3702, Train Acc: 0.8234, Val Loss: 0.3435, Val Acc: 0.8350, lr: 0.001 
Epoch 10, Train Loss: 0.3701, Train Acc: 0.8210, Val Loss: 0.3452, Val Acc: 0.8520, lr: 0.001 
Epoch 11, Train Loss: 0.3571, Train Acc: 0.8353, Val Loss: 0.3384, Val Acc: 0.8470, lr: 0.001 
Epoch 12, Train Loss: 0.3406, Train Acc: 0.8403, Val Loss: 0.3316, Val Acc: 0.8490, lr: 0.001 
Epoch 13, Train Loss: 0.3363, Train Acc: 0.8393, Val Loss: 0.3332, Val Acc: 0.8520, lr: 0.001 
Epoch 14, Train Loss: 0.3250, Train Acc: 0.8510, Val Loss: 0.3332, Val Acc: 0.8530, lr: 0.001 
Epoch 15, Train Loss: 0.3233, Train Acc: 0.8469, Val Loss: 0.3277, Val Acc: 0.8380, lr: 0.001 
Epoch 16, Train Loss: 0.3203, Train Acc: 0.8500, Val Loss: 0.3128, Val Acc: 0.8540, lr: 0.001 
Epoch 17, Train Loss: 0.3053, Train Acc: 0.8589, Val Loss: 0.3045, Val Acc: 0.8580, lr: 0.001 
Epoch 18, Train Loss: 0.2990, Train Acc: 0.8635, Val Loss: 0.3360, Val Acc: 0.8500, lr: 0.001 
Epoch 19, Train Loss: 0.2958, Train Acc: 0.8645, Val Loss: 0.2920, Val Acc: 0.8620, lr: 0.001 
Epoch 20, Train Loss: 0.2809, Train Acc: 0.8699, Val Loss: 0.3183, Val Acc: 0.8440, lr: 0.001 
Epoch 21, Train Loss: 0.2775, Train Acc: 0.8742, Val Loss: 0.3387, Val Acc: 0.8430, lr: 0.001 
Epoch 22, Train Loss: 0.2702, Train Acc: 0.8786, Val Loss: 0.3346, Val Acc: 0.8540, lr: 0.001 
Epoch 23, Train Loss: 0.2610, Train Acc: 0.8821, Val Loss: 0.3275, Val Acc: 0.8640, lr: 0.001 
Epoch 24, Train Loss: 0.2528, Train Acc: 0.8894, Val Loss: 0.2856, Val Acc: 0.8740, lr: 0.001 
Epoch 25, Train Loss: 0.2447, Train Acc: 0.8910, Val Loss: 0.4082, Val Acc: 0.8350, lr: 0.001 
Epoch 26, Train Loss: 0.2389, Train Acc: 0.8945, Val Loss: 0.3074, Val Acc: 0.8650, lr: 0.001 
Epoch 27, Train Loss: 0.2381, Train Acc: 0.8972, Val Loss: 0.2984, Val Acc: 0.8620, lr: 0.001 
Epoch 28, Train Loss: 0.2376, Train Acc: 0.8980, Val Loss: 0.2856, Val Acc: 0.8740, lr: 0.001 
Epoch 29, Train Loss: 0.2338, Train Acc: 0.8980, Val Loss: 0.2978, Val Acc: 0.8600, lr: 0.001 
Epoch 30, Train Loss: 0.2235, Train Acc: 0.9026, Val Loss: 0.2685, Val Acc: 0.8880, lr: 0.001 
Epoch 31, Train Loss: 0.2109, Train Acc: 0.9104, Val Loss: 0.3259, Val Acc: 0.8790, lr: 0.001 
Epoch 32, Train Loss: 0.2171, Train Acc: 0.9051, Val Loss: 0.2764, Val Acc: 0.8790, lr: 0.001 
Epoch 33, Train Loss: 0.2073, Train Acc: 0.9117, Val Loss: 0.3038, Val Acc: 0.8790, lr: 0.001 
Epoch 34, Train Loss: 0.1919, Train Acc: 0.9183, Val Loss: 0.2952, Val Acc: 0.8760, lr: 0.001 
Epoch 35, Train Loss: 0.1954, Train Acc: 0.9160, Val Loss: 0.2815, Val Acc: 0.8870, lr: 0.001 
Epoch 36, Train Loss: 0.1910, Train Acc: 0.9151, Val Loss: 0.3201, Val Acc: 0.8810, lr: 0.001 
Epoch 37, Train Loss: 0.1936, Train Acc: 0.9164, Val Loss: 0.3514, Val Acc: 0.8560, lr: 0.001 
Epoch 38, Train Loss: 0.1945, Train Acc: 0.9166, Val Loss: 0.2764, Val Acc: 0.8760, lr: 0.001 
Epoch 39, Train Loss: 0.1803, Train Acc: 0.9210, Val Loss: 0.3598, Val Acc: 0.8790, lr: 0.001 
Epoch 40, Train Loss: 0.1903, Train Acc: 0.9184, Val Loss: 0.2933, Val Acc: 0.8770, lr: 0.001 
Epoch 41, Train Loss: 0.1814, Train Acc: 0.9236, Val Loss: 0.3390, Val Acc: 0.8740, lr: 0.001 
Epoch 42, Train Loss: 0.1808, Train Acc: 0.9209, Val Loss: 0.3052, Val Acc: 0.8690, lr: 0.001 
Epoch 43, Train Loss: 0.1870, Train Acc: 0.9219, Val Loss: 0.3244, Val Acc: 0.8820, lr: 0.001 
Epoch 44, Train Loss: 0.1719, Train Acc: 0.9279, Val Loss: 0.3214, Val Acc: 0.8800, lr: 0.001 
Epoch 45, Train Loss: 0.1584, Train Acc: 0.9313, Val Loss: 0.3230, Val Acc: 0.8680, lr: 0.001 
Epoch 46, Train Loss: 0.1747, Train Acc: 0.9284, Val Loss: 0.3214, Val Acc: 0.8950, lr: 0.001 
Epoch 47, Train Loss: 0.1652, Train Acc: 0.9290, Val Loss: 0.2664, Val Acc: 0.8940, lr: 0.001 
Epoch 48, Train Loss: 0.1496, Train Acc: 0.9343, Val Loss: 0.3284, Val Acc: 0.8820, lr: 0.001 
Epoch 49, Train Loss: 0.1397, Train Acc: 0.9405, Val Loss: 0.2831, Val Acc: 0.8960, lr: 0.001 
Epoch 50, Train Loss: 0.1565, Train Acc: 0.9330, Val Loss: 0.2973, Val Acc: 0.8900, lr: 0.001 

